
> hasivu-web@1.0.0 build
> next build

   ▲ Next.js 15.5.3
   - Environments: .env.production

   Creating an optimized production build ...
 ⚠ Compiled with warnings in 4.5s

./src/app/api/menu/optimized/route.ts
Attempted import error: 'performanceMonitor' is not exported from '../../../../lib/performance/menu-performance-monitor' (imported as 'performanceMonitor').

Import trace for requested module:
./src/app/api/menu/optimized/route.ts

./src/app/api/menu/optimized/route.ts
Attempted import error: 'menuCache' is not exported from '../../../../lib/cache/redis-menu-cache' (imported as 'menuCache').

Import trace for requested module:
./src/app/api/menu/optimized/route.ts

./src/app/api/menu/optimized/route.ts
Attempted import error: 'menuCache' is not exported from '../../../../lib/cache/redis-menu-cache' (imported as 'menuCache').

Import trace for requested module:
./src/app/api/menu/optimized/route.ts

./src/app/api/menu/optimized/route.ts
Attempted import error: 'menuCache' is not exported from '../../../../lib/cache/redis-menu-cache' (imported as 'menuCache').

Import trace for requested module:
./src/app/api/menu/optimized/route.ts

./src/app/api/menu/optimized/route.ts
Attempted import error: 'menuCache' is not exported from '../../../../lib/cache/redis-menu-cache' (imported as 'menuCache').

Import trace for requested module:
./src/app/api/menu/optimized/route.ts

./src/app/api/menu/optimized/route.ts
Attempted import error: 'menuCache' is not exported from '../../../../lib/cache/redis-menu-cache' (imported as 'menuCache').

Import trace for requested module:
./src/app/api/menu/optimized/route.ts

./src/app/api/menu/optimized/route.ts
Attempted import error: 'menuCache' is not exported from '../../../../lib/cache/redis-menu-cache' (imported as 'menuCache').

Import trace for requested module:
./src/app/api/menu/optimized/route.ts

./src/app/api/menu/optimized/route.ts
Attempted import error: 'menuCache' is not exported from '../../../../lib/cache/redis-menu-cache' (imported as 'menuCache').

Import trace for requested module:
./src/app/api/menu/optimized/route.ts

./src/app/api/menu/optimized/route.ts
Attempted import error: 'menuCache' is not exported from '../../../../lib/cache/redis-menu-cache' (imported as 'menuCache').

Import trace for requested module:
./src/app/api/menu/optimized/route.ts

./src/app/api/menu/optimized/route.ts
Attempted import error: 'performanceMonitor' is not exported from '../../../../lib/performance/menu-performance-monitor' (imported as 'performanceMonitor').

Import trace for requested module:
./src/app/api/menu/optimized/route.ts

./src/app/api/menu/optimized/route.ts
Attempted import error: 'performanceMonitor' is not exported from '../../../../lib/performance/menu-performance-monitor' (imported as 'performanceMonitor').

Import trace for requested module:
./src/app/api/menu/optimized/route.ts

./src/app/api/menu/optimized/route.ts
Attempted import error: 'performanceMonitor' is not exported from '../../../../lib/performance/menu-performance-monitor' (imported as 'performanceMonitor').

Import trace for requested module:
./src/app/api/menu/optimized/route.ts

./src/app/api/menu/optimized/route.ts
Attempted import error: 'menuCache' is not exported from '../../../../lib/cache/redis-menu-cache' (imported as 'menuCache').

Import trace for requested module:
./src/app/api/menu/optimized/route.ts

./src/app/api/menu/optimized/route.ts
Attempted import error: 'menuCache' is not exported from '../../../../lib/cache/redis-menu-cache' (imported as 'menuCache').

Import trace for requested module:
./src/app/api/menu/optimized/route.ts

./src/app/api/menu/optimized/route.ts
Attempted import error: 'performanceMonitor' is not exported from '../../../../lib/performance/menu-performance-monitor' (imported as 'performanceMonitor').

Import trace for requested module:
./src/app/api/menu/optimized/route.ts

./src/app/api/menu/optimized/route.ts
Attempted import error: 'performanceMonitor' is not exported from '../../../../lib/performance/menu-performance-monitor' (imported as 'performanceMonitor').

Import trace for requested module:
./src/app/api/menu/optimized/route.ts

./src/app/api/menu/optimized/route.ts
Attempted import error: 'performanceMonitor' is not exported from '../../../../lib/performance/menu-performance-monitor' (imported as 'performanceMonitor').

Import trace for requested module:
./src/app/api/menu/optimized/route.ts

./src/app/api/menu/optimized/route.ts
Attempted import error: 'menuCache' is not exported from '../../../../lib/cache/redis-menu-cache' (imported as 'menuCache').

Import trace for requested module:
./src/app/api/menu/optimized/route.ts

 ✓ Compiled successfully in 8.2s
   Linting and checking validity of types ...

 ⚠ The Next.js plugin was not detected in your ESLint configuration. See https://nextjs.org/docs/app/api-reference/config/eslint#migrating-existing-config

Failed to compile.

./lib/cache/redis-menu-cache.ts
89:7  Warning: Unexpected console statement.  no-console
93:7  Warning: Unexpected console statement.  no-console
98:7  Warning: Unexpected console statement.  no-console
119:7  Warning: Unexpected console statement.  no-console
128:32  Warning: Unexpected any. Specify a different type.  @typescript-eslint/no-explicit-any
134:7  Warning: Unexpected console statement.  no-console
149:7  Warning: Unexpected console statement.  no-console
163:7  Warning: Unexpected console statement.  no-console
175:52  Warning: Unexpected any. Specify a different type.  @typescript-eslint/no-explicit-any
175:69  Warning: Unexpected any. Specify a different type.  @typescript-eslint/no-explicit-any
196:55  Warning: Unexpected any. Specify a different type.  @typescript-eslint/no-explicit-any
196:69  Warning: Unexpected any. Specify a different type.  @typescript-eslint/no-explicit-any
201:35  Warning: Unexpected any. Specify a different type.  @typescript-eslint/no-explicit-any
208:63  Warning: Unexpected any. Specify a different type.  @typescript-eslint/no-explicit-any
219:70  Warning: Unexpected any. Specify a different type.  @typescript-eslint/no-explicit-any
226:59  Warning: Unexpected any. Specify a different type.  @typescript-eslint/no-explicit-any
237:60  Warning: Unexpected any. Specify a different type.  @typescript-eslint/no-explicit-any
244:70  Warning: Unexpected any. Specify a different type.  @typescript-eslint/no-explicit-any
244:87  Warning: Unexpected any. Specify a different type.  @typescript-eslint/no-explicit-any
263:74  Warning: Unexpected any. Specify a different type.  @typescript-eslint/no-explicit-any
264:35  Warning: Unexpected any. Specify a different type.  @typescript-eslint/no-explicit-any
275:54  Warning: Unexpected any. Specify a different type.  @typescript-eslint/no-explicit-any
291:55  Warning: Unexpected any. Specify a different type.  @typescript-eslint/no-explicit-any
292:35  Warning: Unexpected any. Specify a different type.  @typescript-eslint/no-explicit-any
299:59  Warning: Unexpected any. Specify a different type.  @typescript-eslint/no-explicit-any
313:58  Warning: Unexpected any. Specify a different type.  @typescript-eslint/no-explicit-any
314:35  Warning: Unexpected any. Specify a different type.  @typescript-eslint/no-explicit-any
325:73  Warning: Unexpected any. Specify a different type.  @typescript-eslint/no-explicit-any
336:71  Warning: Unexpected any. Specify a different type.  @typescript-eslint/no-explicit-any
347:94  Warning: Unexpected any. Specify a different type.  @typescript-eslint/no-explicit-any
368:7  Warning: Unexpected console statement.  no-console
381:7  Warning: Unexpected console statement.  no-console
389:49  Warning: Unexpected any. Specify a different type.  @typescript-eslint/no-explicit-any
434:7  Warning: Unexpected console statement.  no-console
445:38  Warning: Unexpected any. Specify a different type.  @typescript-eslint/no-explicit-any
451:16  Warning: Unexpected any. Specify a different type.  @typescript-eslint/no-explicit-any
494:7  Warning: Unexpected console statement.  no-console

./lib/database/optimized-menu-queries.ts
4:16  Error: 'PoolClient' is defined but never used.  @typescript-eslint/no-unused-vars
50:13  Warning: Unexpected any. Specify a different type.  @typescript-eslint/no-explicit-any
85:7  Warning: Unexpected console statement.  no-console
109:7  Warning: Unexpected console statement.  no-console
135:14  Warning: Unexpected any. Specify a different type.  @typescript-eslint/no-explicit-any
153:17  Warning: Unexpected any. Specify a different type.  @typescript-eslint/no-explicit-any
202:54  Warning: Unexpected any. Specify a different type.  @typescript-eslint/no-explicit-any
248:14  Warning: Unexpected any. Specify a different type.  @typescript-eslint/no-explicit-any
253:19  Warning: Unexpected any. Specify a different type.  @typescript-eslint/no-explicit-any
358:72  Warning: Unexpected any. Specify a different type.  @typescript-eslint/no-explicit-any
393:100  Warning: Unexpected any. Specify a different type.  @typescript-eslint/no-explicit-any
431:14  Warning: Unexpected any. Specify a different type.  @typescript-eslint/no-explicit-any
484:14  Warning: Unexpected any. Specify a different type.  @typescript-eslint/no-explicit-any
577:7  Warning: Unexpected console statement.  no-console

./lib/performance/menu-performance-monitor.ts
185:5  Warning: Unexpected console statement.  no-console
204:7  Warning: Unexpected console statement.  no-console
289:7  Warning: Unexpected console statement.  no-console
404:5  Warning: Unexpected console statement.  no-console
459:7  Warning: Unexpected console statement.  no-console
480:13  Error: 'cacheStats' is assigned a value but never used.  @typescript-eslint/no-unused-vars
483:9  Warning: Unexpected console statement.  no-console
487:9  Warning: Unexpected console statement.  no-console
492:9  Warning: Unexpected console statement.  no-console
495:7  Warning: Unexpected console statement.  no-console
512:7  Warning: Unexpected console statement.  no-console
605:14  Warning: Unexpected any. Specify a different type.  @typescript-eslint/no-explicit-any

./src/app/api/auth/check/route.ts
29:5  Warning: Unexpected console statement.  no-console

./src/app/api/health/route.ts
22:27  Error: 'request' is defined but never used. Allowed unused args must match /^_/u.  @typescript-eslint/no-unused-vars
56:5  Warning: Unexpected console statement.  no-console

./src/app/api/kitchen/orders/route.ts
172:5  Warning: Unexpected console statement.  no-console
225:7  Warning: Unexpected console statement.  no-console
249:68  Warning: Unexpected any. Specify a different type.  @typescript-eslint/no-explicit-any
273:5  Warning: Unexpected console statement.  no-console
289:21  Error: 'action' is assigned a value but never used.  @typescript-eslint/no-unused-vars
346:5  Warning: Unexpected console statement.  no-console

./src/app/api/kitchen/queue/route.ts
221:5  Warning: Unexpected console statement.  no-console
245:33  Warning: Unexpected any. Specify a different type.  @typescript-eslint/no-explicit-any
250:59  Warning: Unexpected any. Specify a different type.  @typescript-eslint/no-explicit-any
340:5  Warning: Unexpected console statement.  no-console
422:5  Warning: Unexpected console statement.  no-console

./src/app/api/kitchen/route.ts
3:27  Error: 'request' is defined but never used. Allowed unused args must match /^_/u.  @typescript-eslint/no-unused-vars
20:5  Warning: Unexpected console statement.  no-console

./src/app/api/menu/[menuId]/route.ts
173:5  Warning: Unexpected console statement.  no-console
225:5  Warning: Unexpected console statement.  no-console
271:5  Warning: Unexpected console statement.  no-console

./src/app/api/menu/categories/route.ts
205:5  Warning: Unexpected console statement.  no-console
267:5  Warning: Unexpected console statement.  no-console

./src/app/api/menu/optimized/route.ts
301:5  Warning: Unexpected console statement.  no-console
361:9  Error: 'cachedResult' is never reassigned. Use 'const' instead.  prefer-const
362:9  Error: 'cacheHit' is never reassigned. Use 'const' instead.  prefer-const
434:5  Warning: Unexpected console statement.  no-console

./src/app/api/menu/route.ts
635:5  Warning: Unexpected console statement.  no-console
703:5  Warning: Unexpected console statement.  no-console

./src/app/api/menu/search/route.ts
453:5  Warning: Unexpected console statement.  no-console
494:5  Warning: Unexpected console statement.  no-console

./src/app/api/menu/secure/route.ts
6:10  Error: 'NextRequest' is defined but never used.  @typescript-eslint/no-unused-vars
55:17  Warning: Unexpected any. Specify a different type.  @typescript-eslint/no-explicit-any
56:17  Warning: Unexpected any. Specify a different type.  @typescript-eslint/no-explicit-any
430:10  Error: 'validateNutritionalInfo' is defined but never used.  @typescript-eslint/no-unused-vars
430:49  Warning: Unexpected any. Specify a different type.  @typescript-eslint/no-explicit-any

./src/app/api/orders/[orderId]/route.ts
61:5  Warning: Unexpected console statement.  no-console
122:5  Warning: Unexpected console statement.  no-console
192:5  Warning: Unexpected console statement.  no-console

./src/app/api/orders/[orderId]/status/route.ts
133:5  Warning: Unexpected console statement.  no-console
185:5  Warning: Unexpected console statement.  no-console

./src/app/api/orders/route.ts
79:5  Warning: Unexpected console statement.  no-console
109:63  Warning: Unexpected any. Specify a different type.  @typescript-eslint/no-explicit-any
140:5  Warning: Unexpected console statement.  no-console

./src/app/api/status/route.ts
16:27  Error: 'request' is defined but never used. Allowed unused args must match /^_/u.  @typescript-eslint/no-unused-vars
32:5  Warning: Unexpected console statement.  no-console

./src/app/auth/error.tsx
17:5  Warning: Unexpected console statement.  no-console

./src/app/auth/forgot-password/page.tsx
29:19  Warning: Unexpected any. Specify a different type.  @typescript-eslint/no-explicit-any
30:7  Warning: Unexpected console statement.  no-console

./src/app/auth/login/admin/page.tsx
49:18  Error: 'user' is assigned a value but never used.  @typescript-eslint/no-unused-vars
84:13  Warning: Unexpected console statement.  no-console
94:19  Warning: Unexpected any. Specify a different type.  @typescript-eslint/no-explicit-any
101:36  Error: 'provider' is defined but never used. Allowed unused args must match /^_/u.  @typescript-eslint/no-unused-vars
127:35  Warning: Unexpected any. Specify a different type.  @typescript-eslint/no-explicit-any

./src/app/auth/login/kitchen/page.tsx
49:18  Error: 'user' is assigned a value but never used.  @typescript-eslint/no-unused-vars
84:13  Warning: Unexpected console statement.  no-console
94:19  Warning: Unexpected any. Specify a different type.  @typescript-eslint/no-explicit-any
101:36  Error: 'provider' is defined but never used. Allowed unused args must match /^_/u.  @typescript-eslint/no-unused-vars
127:37  Warning: Unexpected any. Specify a different type.  @typescript-eslint/no-explicit-any

./src/app/auth/login/page.tsx
49:18  Error: 'user' is assigned a value but never used.  @typescript-eslint/no-unused-vars
105:13  Warning: Unexpected console statement.  no-console
115:19  Warning: Unexpected any. Specify a different type.  @typescript-eslint/no-explicit-any
122:36  Error: 'provider' is defined but never used. Allowed unused args must match /^_/u.  @typescript-eslint/no-unused-vars
139:39  Warning: Unexpected any. Specify a different type.  @typescript-eslint/no-explicit-any
148:39  Warning: Unexpected any. Specify a different type.  @typescript-eslint/no-explicit-any

./src/app/auth/login/parent/page.tsx
49:18  Error: 'user' is assigned a value but never used.  @typescript-eslint/no-unused-vars
84:13  Warning: Unexpected console statement.  no-console
94:19  Warning: Unexpected any. Specify a different type.  @typescript-eslint/no-explicit-any
101:36  Error: 'provider' is defined but never used. Allowed unused args must match /^_/u.  @typescript-eslint/no-unused-vars
127:36  Warning: Unexpected any. Specify a different type.  @typescript-eslint/no-explicit-any

./src/app/auth/login/vendor/page.tsx
49:18  Error: 'user' is assigned a value but never used.  @typescript-eslint/no-unused-vars
84:13  Warning: Unexpected console statement.  no-console
94:19  Warning: Unexpected any. Specify a different type.  @typescript-eslint/no-explicit-any
101:36  Error: 'provider' is defined but never used. Allowed unused args must match /^_/u.  @typescript-eslint/no-unused-vars
127:36  Warning: Unexpected any. Specify a different type.  @typescript-eslint/no-explicit-any

./src/app/auth/login-safari/page.tsx
28:18  Error: 'user' is assigned a value but never used.  @typescript-eslint/no-unused-vars
56:13  Warning: Unexpected console statement.  no-console
66:19  Warning: Unexpected any. Specify a different type.  @typescript-eslint/no-explicit-any
73:36  Error: 'provider' is defined but never used. Allowed unused args must match /^_/u.  @typescript-eslint/no-unused-vars

./src/app/auth/register/page.tsx
31:9  Warning: Unexpected console statement.  no-console
35:19  Warning: Unexpected any. Specify a different type.  @typescript-eslint/no-explicit-any
36:7  Warning: Unexpected console statement.  no-console

./src/app/dashboard/admin/page.tsx
4:20  Error: 'Permission' is defined but never used.  @typescript-eslint/no-unused-vars

./src/app/dashboard/kitchen/page.tsx
5:20  Error: 'Permission' is defined but never used.  @typescript-eslint/no-unused-vars

./src/app/dashboard/page.tsx
10:23  Error: 'setMealBalance' is assigned a value but never used.  @typescript-eslint/no-unused-vars

./src/app/dashboard/parent/page.tsx
5:20  Error: 'Permission' is defined but never used.  @typescript-eslint/no-unused-vars

./src/app/dashboard/student/page.tsx
3:10  Error: 'useState' is defined but never used.  @typescript-eslint/no-unused-vars

./src/app/dashboard/vendor/page.tsx
4:20  Error: 'Permission' is defined but never used.  @typescript-eslint/no-unused-vars

./src/app/menu/page.tsx
48:11  Warning: Unexpected console statement.  no-console
128:36  Warning: Unexpected any. Specify a different type.  @typescript-eslint/no-explicit-any

./src/app/notifications/page.tsx
162:56  Warning: Unexpected any. Specify a different type.  @typescript-eslint/no-explicit-any

./src/app/orders/page.tsx
66:11  Warning: Unexpected console statement.  no-console
117:45  Warning: Unexpected any. Specify a different type.  @typescript-eslint/no-explicit-any
161:7  Warning: Unexpected console statement.  no-console
214:11  Warning: Unexpected console statement.  no-console
218:7  Warning: Unexpected console statement.  no-console

./src/app/register/page.tsx
56:7  Warning: Unexpected console statement.  no-console

./src/app/settings/page.tsx
108:64  Warning: Unexpected any. Specify a different type.  @typescript-eslint/no-explicit-any

./src/app/test-fixes/page.tsx
120:13  Error: 'healthResult' is assigned a value but never used.  @typescript-eslint/no-unused-vars
138:13  Error: 'endTime' is assigned a value but never used.  @typescript-eslint/no-unused-vars
439:21  Warning: Unexpected console statement.  no-console
443:21  Warning: Unexpected console statement.  no-console

./src/components/AuthModal.tsx
11:26  Warning: Unexpected any. Specify a different type.  @typescript-eslint/no-explicit-any
156:21  Warning: Unexpected any. Specify a different type.  @typescript-eslint/no-explicit-any
185:21  Warning: Unexpected any. Specify a different type.  @typescript-eslint/no-explicit-any
201:21  Warning: Unexpected any. Specify a different type.  @typescript-eslint/no-explicit-any
218:21  Warning: Unexpected any. Specify a different type.  @typescript-eslint/no-explicit-any
238:21  Warning: Unexpected any. Specify a different type.  @typescript-eslint/no-explicit-any
448:82  Warning: Unexpected any. Specify a different type.  @typescript-eslint/no-explicit-any

./src/components/DashboardOverview.tsx
252:31  Warning: Unexpected any. Specify a different type.  @typescript-eslint/no-explicit-any
319:66  Warning: Unexpected any. Specify a different type.  @typescript-eslint/no-explicit-any

./src/components/NotificationSystem.tsx
91:7  Warning: Unexpected console statement.  no-console
107:9  Warning: Unexpected console statement.  no-console
124:11  Warning: Unexpected console statement.  no-console
129:9  Warning: Unexpected console statement.  no-console
142:13  Warning: Unexpected console statement.  no-console
149:9  Warning: Unexpected console statement.  no-console
155:7  Warning: Unexpected console statement.  no-console
203:9  Warning: Unexpected console statement.  no-console
260:7  Warning: Unexpected console statement.  no-console
262:7  Warning: Unexpected console statement.  no-console
272:7  Warning: Unexpected console statement.  no-console
275:7  Warning: Unexpected console statement.  no-console
283:7  Warning: Unexpected console statement.  no-console
285:7  Warning: Unexpected console statement.  no-console

./src/components/OnboardingFlow.tsx
205:9  Warning: Unexpected console statement.  no-console
256:7  Warning: Unexpected console statement.  no-console
301:7  Warning: Unexpected console statement.  no-console

./src/components/ProgressiveLoading.tsx
324:10  Error: 'isInView' is assigned a value but never used.  @typescript-eslint/no-unused-vars

./src/components/RFIDManagementDashboard.tsx
165:10  Error: 'showAddCard' is assigned a value but never used.  @typescript-eslint/no-unused-vars
207:7  Warning: Unexpected console statement.  no-console
587:53  Warning: Unexpected any. Specify a different type.  @typescript-eslint/no-explicit-any
661:66  Warning: Unexpected any. Specify a different type.  @typescript-eslint/no-explicit-any

./src/components/accessibility/AccessibilityProvider.tsx
31:10  Error: 'focusedElement' is assigned a value but never used.  @typescript-eslint/no-unused-vars
36:9  Error: 'router' is assigned a value but never used.  @typescript-eslint/no-unused-vars

./src/components/auth/EmailVerificationForm.tsx
6:36  Error: 'Send' is defined but never used.  @typescript-eslint/no-unused-vars
75:7  Warning: Unexpected console statement.  no-console
87:9  Warning: Unexpected console statement.  no-console

./src/components/auth/EnhancedLoginForm.tsx
50:27  Warning: Unexpected any. Specify a different type.  @typescript-eslint/no-explicit-any
93:21  Warning: Unexpected any. Specify a different type.  @typescript-eslint/no-explicit-any
95:7  Warning: Unexpected console statement.  no-console
114:5  Warning: Unexpected console statement.  no-console

./src/components/auth/EnhancedPasswordRecoveryForm.tsx
21:10  Error: 'Label' is defined but never used.  @typescript-eslint/no-unused-vars
131:7  Warning: Unexpected console statement.  no-console
140:7  Warning: Unexpected console statement.  no-console
149:7  Warning: Unexpected console statement.  no-console
159:9  Warning: Unexpected console statement.  no-console
257:91  Warning: Unexpected any. Specify a different type.  @typescript-eslint/no-explicit-any

./src/components/auth/EnhancedSchoolLoginForm.tsx
137:47  Warning: Unexpected any. Specify a different type.  @typescript-eslint/no-explicit-any
150:7  Warning: Unexpected console statement.  no-console
159:9  Warning: Unexpected console statement.  no-console

./src/components/auth/ForgotPasswordForm.tsx
56:7  Warning: Unexpected console statement.  no-console
224:37  Warning: Unexpected any. Specify a different type.  @typescript-eslint/no-explicit-any
228:7  Warning: Unexpected console statement.  no-console

./src/components/auth/LoginForm.tsx
124:7  Warning: Unexpected console statement.  no-console
133:9  Warning: Unexpected console statement.  no-console

./src/components/auth/MfaForm.tsx
105:7  Warning: Unexpected console statement.  no-console
117:9  Warning: Unexpected console statement.  no-console
342:9  Warning: Unexpected console statement.  no-console

./src/components/auth/MultiFactorAuthForm.tsx
8:40  Error: 'Mail' is defined but never used.  @typescript-eslint/no-unused-vars
34:3  Error: 'Dialog' is defined but never used.  @typescript-eslint/no-unused-vars
35:3  Error: 'DialogContent' is defined but never used.  @typescript-eslint/no-unused-vars
36:3  Error: 'DialogDescription' is defined but never used.  @typescript-eslint/no-unused-vars
37:3  Error: 'DialogHeader' is defined but never used.  @typescript-eslint/no-unused-vars
38:3  Error: 'DialogTitle' is defined but never used.  @typescript-eslint/no-unused-vars
39:3  Error: 'DialogTrigger' is defined but never used.  @typescript-eslint/no-unused-vars
88:3  Error: 'userEmail' is defined but never used. Allowed unused args must match /^_/u.  @typescript-eslint/no-unused-vars
89:3  Error: 'mfaEnabled' is assigned a value but never used.  @typescript-eslint/no-unused-vars
145:7  Warning: Unexpected console statement.  no-console
159:9  Warning: Unexpected console statement.  no-console
170:9  Warning: Unexpected console statement.  no-console
183:9  Warning: Unexpected console statement.  no-console
193:9  Warning: Unexpected console statement.  no-console
205:9  Warning: Unexpected console statement.  no-console
241:93  Warning: Unexpected any. Specify a different type.  @typescript-eslint/no-explicit-any

./src/components/auth/MultiStepRegistrationForm.tsx
32:10  Error: 'Badge' is defined but never used.  @typescript-eslint/no-unused-vars
33:10  Error: 'Separator' is defined but never used.  @typescript-eslint/no-unused-vars
72:3  Error: 'onValidateParentLink' is defined but never used. Allowed unused args must match /^_/u.  @typescript-eslint/no-unused-vars
82:50  Warning: Unexpected any. Specify a different type.  @typescript-eslint/no-explicit-any
135:52  Warning: Unexpected any. Specify a different type.  @typescript-eslint/no-explicit-any

./src/components/auth/ProfileManagementForm.tsx
8:42  Error: 'Eye' is defined but never used.  @typescript-eslint/no-unused-vars
8:47  Error: 'EyeOff' is defined but never used.  @typescript-eslint/no-unused-vars
9:28  Error: 'Heart' is defined but never used.  @typescript-eslint/no-unused-vars
9:35  Error: 'Zap' is defined but never used.  @typescript-eslint/no-unused-vars
43:3  Error: 'profilePreferencesSchema' is defined but never used.  @typescript-eslint/no-unused-vars
46:8  Error: 'ProfilePreferencesData' is defined but never used.  @typescript-eslint/no-unused-vars
94:3  Error: 'userRole' is assigned a value but never used.  @typescript-eslint/no-unused-vars
180:9  Warning: Unexpected console statement.  no-console
197:7  Warning: Unexpected console statement.  no-console
207:9  Warning: Unexpected console statement.  no-console

./src/components/auth/ProtectedRoute.tsx
19:10  Error: 'ROLE_PERMISSIONS' is defined but never used.  @typescript-eslint/no-unused-vars
239:3  Error: 'requiredPermissions' is assigned a value but never used.  @typescript-eslint/no-unused-vars

./src/components/auth/RegisterForm.tsx
88:7  Warning: Unexpected console statement.  no-console
97:9  Warning: Unexpected console statement.  no-console

./src/components/auth/SafariCompatibleLoginForm.tsx
9:7  Error: 'Form' is assigned a value but never used.  @typescript-eslint/no-unused-vars
14:7  Error: 'FormField' is assigned a value but never used.  @typescript-eslint/no-unused-vars
18:7  Error: 'FormItem' is assigned a value but never used.  @typescript-eslint/no-unused-vars
22:7  Error: 'FormLabel' is assigned a value but never used.  @typescript-eslint/no-unused-vars
26:7  Error: 'FormControl' is assigned a value but never used.  @typescript-eslint/no-unused-vars
30:7  Error: 'FormMessage' is assigned a value but never used.  @typescript-eslint/no-unused-vars

./src/components/auth/SocialLoginButtons.tsx
102:7  Warning: Unexpected console statement.  no-console
259:3  Error: 'showLabels' is assigned a value but never used.  @typescript-eslint/no-unused-vars

./src/components/auth/__tests__/LoginForm.test.tsx
7:26  Error: 'fireEvent' is defined but never used.  @typescript-eslint/no-unused-vars
7:46  Error: 'act' is defined but never used.  @typescript-eslint/no-unused-vars
19:41  Warning: Unexpected any. Specify a different type.  @typescript-eslint/no-explicit-any

./src/components/auth/schemas.ts
68:45  Error: Unnecessary escape character: \(.  no-useless-escape
68:47  Error: Unnecessary escape character: \).  no-useless-escape
88:45  Error: Unnecessary escape character: \(.  no-useless-escape
88:47  Error: Unnecessary escape character: \).  no-useless-escape
100:55  Error: Unnecessary escape character: \(.  no-useless-escape
100:57  Error: Unnecessary escape character: \).  no-useless-escape
168:45  Error: Unnecessary escape character: \(.  no-useless-escape
168:47  Error: Unnecessary escape character: \).  no-useless-escape
174:41  Error: Unnecessary escape character: \(.  no-useless-escape
174:43  Error: Unnecessary escape character: \).  no-useless-escape

./src/components/common/ComponentTest.tsx
211:19  Warning: Unexpected console statement.  no-console

./src/components/common/ErrorBoundary.tsx
17:3  Error: 'IconButton' is defined but never used.  @typescript-eslint/no-unused-vars
527:7  Warning: Unexpected console statement.  no-console
541:9  Warning: Unexpected console statement.  no-console
542:9  Warning: Unexpected console statement.  no-console
543:9  Warning: Unexpected console statement.  no-console
544:9  Warning: Unexpected console statement.  no-console
558:7  Warning: Unexpected console statement.  no-console
592:13  Error: 'errorData' is assigned a value but never used.  @typescript-eslint/no-unused-vars

./src/components/currency/CurrencySettings.tsx
32:10  Error: 'CURRENCY_CONFIGS' is defined but never used.  @typescript-eslint/no-unused-vars

./src/components/dashboard/ParentDashboard.tsx
3:27  Error: 'useEffect' is defined but never used.  @typescript-eslint/no-unused-vars
4:18  Error: 'AnimatePresence' is defined but never used.  @typescript-eslint/no-unused-vars
6:3  Error: 'Users' is defined but never used.  @typescript-eslint/no-unused-vars
18:3  Error: 'Calendar' is defined but never used.  @typescript-eslint/no-unused-vars
23:3  Error: 'Filter' is defined but never used.  @typescript-eslint/no-unused-vars
25:3  Error: 'ChevronDown' is defined but never used.  @typescript-eslint/no-unused-vars
91:11  Error: 'Transaction' is defined but never used.  @typescript-eslint/no-unused-vars
101:11  Error: 'NutritionInsight' is defined but never used.  @typescript-eslint/no-unused-vars
298:40  Error: 'index' is defined but never used. Allowed unused args must match /^_/u.  @typescript-eslint/no-unused-vars

./src/components/dashboard/admin-dashboard.tsx
14:20  Error: 'PieChart' is defined but never used.  @typescript-eslint/no-unused-vars
14:30  Error: 'Pie' is defined but never used.  @typescript-eslint/no-unused-vars
14:35  Error: 'Cell' is defined but never used.  @typescript-eslint/no-unused-vars
21:21  Error: 'Student' is defined but never used.  @typescript-eslint/no-unused-vars
21:47  Error: 'NutritionalInfo' is defined but never used.  @typescript-eslint/no-unused-vars

./src/components/dashboard/advanced-features.tsx
4:29  Error: 'CardDescription' is defined but never used.  @typescript-eslint/no-unused-vars
12:3  Error: 'BarChart' is defined but never used.  @typescript-eslint/no-unused-vars
12:13  Error: 'Bar' is defined but never used.  @typescript-eslint/no-unused-vars
13:3  Error: 'LineChart' is defined but never used.  @typescript-eslint/no-unused-vars
13:14  Error: 'Line' is defined but never used.  @typescript-eslint/no-unused-vars
13:58  Error: 'ComposedChart' is defined but never used.  @typescript-eslint/no-unused-vars
14:3  Error: 'RadialBarChart' is defined but never used.  @typescript-eslint/no-unused-vars
14:19  Error: 'RadialBar' is defined but never used.  @typescript-eslint/no-unused-vars
14:30  Error: 'ScatterChart' is defined but never used.  @typescript-eslint/no-unused-vars
14:44  Error: 'Scatter' is defined but never used.  @typescript-eslint/no-unused-vars
17:34  Error: 'MapPin' is defined but never used.  @typescript-eslint/no-unused-vars
18:3  Error: 'AlertTriangle' is defined but never used.  @typescript-eslint/no-unused-vars
19:3  Error: 'ThermometerSun' is defined but never used.  @typescript-eslint/no-unused-vars
19:40  Error: 'Smartphone' is defined but never used.  @typescript-eslint/no-unused-vars
20:15  Error: 'Scan' is defined but never used.  @typescript-eslint/no-unused-vars
20:21  Error: 'UserCheck' is defined but never used.  @typescript-eslint/no-unused-vars
20:32  Error: 'Package' is defined but never used.  @typescript-eslint/no-unused-vars
20:41  Error: 'Truck' is defined but never used.  @typescript-eslint/no-unused-vars

./src/components/dashboard/dashboard-demo.tsx
106:89  Warning: Unexpected any. Specify a different type.  @typescript-eslint/no-explicit-any

./src/components/dashboard/enhanced-admin-dashboard-v2.tsx
1184:3  Error: Parsing error: Declaration or statement expected.

./src/components/dashboard/enhanced-admin-dashboard.tsx
1317:18  Error: Parsing error: Expected corresponding JSX closing tag for 'Tabs'.

./src/components/dashboard/enhanced-kitchen-dashboard.tsx
9:10  Error: 'Avatar' is defined but never used.  @typescript-eslint/no-unused-vars
9:18  Error: 'AvatarFallback' is defined but never used.  @typescript-eslint/no-unused-vars
9:34  Error: 'AvatarImage' is defined but never used.  @typescript-eslint/no-unused-vars
13:10  Error: 'Checkbox' is defined but never used.  @typescript-eslint/no-unused-vars
14:10  Error: 'Table' is defined but never used.  @typescript-eslint/no-unused-vars
14:17  Error: 'TableBody' is defined but never used.  @typescript-eslint/no-unused-vars
14:28  Error: 'TableCell' is defined but never used.  @typescript-eslint/no-unused-vars
14:39  Error: 'TableHead' is defined but never used.  @typescript-eslint/no-unused-vars
14:50  Error: 'TableHeader' is defined but never used.  @typescript-eslint/no-unused-vars
14:63  Error: 'TableRow' is defined but never used.  @typescript-eslint/no-unused-vars
17:20  Error: 'PieChart' is defined but never used.  @typescript-eslint/no-unused-vars
17:30  Error: 'Pie' is defined but never used.  @typescript-eslint/no-unused-vars
17:35  Error: 'Cell' is defined but never used.  @typescript-eslint/no-unused-vars
17:41  Error: 'Area' is defined but never used.  @typescript-eslint/no-unused-vars
17:47  Error: 'AreaChart' is defined but never used.  @typescript-eslint/no-unused-vars
17:58  Error: 'RadialBarChart' is defined but never used.  @typescript-eslint/no-unused-vars
17:74  Error: 'RadialBar' is defined but never used.  @typescript-eslint/no-unused-vars
20:3  Error: 'ChefHat' is defined but never used.  @typescript-eslint/no-unused-vars
20:19  Error: 'Users' is defined but never used.  @typescript-eslint/no-unused-vars
22:54  Error: 'Zap' is defined but never used.  @typescript-eslint/no-unused-vars
23:33  Error: 'Coffee' is defined but never used.  @typescript-eslint/no-unused-vars
23:54  Error: 'Fish' is defined but never used.  @typescript-eslint/no-unused-vars
24:16  Error: 'Plus' is defined but never used.  @typescript-eslint/no-unused-vars
24:22  Error: 'Minus' is defined but never used.  @typescript-eslint/no-unused-vars
24:40  Error: 'Filter' is defined but never used.  @typescript-eslint/no-unused-vars
24:48  Error: 'Search' is defined but never used.  @typescript-eslint/no-unused-vars
272:7  Error: 'COLORS' is assigned a value but never used.  @typescript-eslint/no-unused-vars
275:3  Error: 'kitchenData' is defined but never used. Allowed unused args must match /^_/u.  @typescript-eslint/no-unused-vars
279:10  Error: 'selectedStation' is assigned a value but never used.  @typescript-eslint/no-unused-vars
279:27  Error: 'setSelectedStation' is assigned a value but never used.  @typescript-eslint/no-unused-vars
292:9  Warning: Unexpected console statement.  no-console
327:9  Error: 'formatTime' is assigned a value but never used.  @typescript-eslint/no-unused-vars
335:37  Warning: Unexpected any. Specify a different type.  @typescript-eslint/no-explicit-any
410:83  Warning: Unexpected any. Specify a different type.  @typescript-eslint/no-explicit-any

./src/components/dashboard/enhanced-parent-dashboard.tsx
4:29  Error: 'CardDescription' is defined but never used.  @typescript-eslint/no-unused-vars
16:3  Error: 'LineChart' is defined but never used.  @typescript-eslint/no-unused-vars
16:41  Error: 'Area' is defined but never used.  @typescript-eslint/no-unused-vars
16:47  Error: 'AreaChart' is defined but never used.  @typescript-eslint/no-unused-vars
19:40  Error: 'Calendar' is defined but never used.  @typescript-eslint/no-unused-vars
20:29  Error: 'Clock' is defined but never used.  @typescript-eslint/no-unused-vars
22:9  Error: 'Minus' is defined but never used.  @typescript-eslint/no-unused-vars
22:16  Error: 'Star' is defined but never used.  @typescript-eslint/no-unused-vars
22:30  Error: 'Award' is defined but never used.  @typescript-eslint/no-unused-vars
158:3  Error: 'parentData' is defined but never used. Allowed unused args must match /^_/u.  @typescript-eslint/no-unused-vars
240:87  Warning: Unexpected any. Specify a different type.  @typescript-eslint/no-explicit-any

./src/components/dashboard/enhanced-student-dashboard.tsx
6:10  Error: 'Skeleton' is defined but never used.  @typescript-eslint/no-unused-vars
10:10  Error: 'Avatar' is defined but never used.  @typescript-eslint/no-unused-vars
10:18  Error: 'AvatarFallback' is defined but never used.  @typescript-eslint/no-unused-vars
10:34  Error: 'AvatarImage' is defined but never used.  @typescript-eslint/no-unused-vars
14:3  Error: 'BarChart' is defined but never used.  @typescript-eslint/no-unused-vars
14:13  Error: 'Bar' is defined but never used.  @typescript-eslint/no-unused-vars
15:3  Error: 'LineChart' is defined but never used.  @typescript-eslint/no-unused-vars
15:14  Error: 'Line' is defined but never used.  @typescript-eslint/no-unused-vars
15:20  Error: 'PieChart' is defined but never used.  @typescript-eslint/no-unused-vars
15:30  Error: 'Pie' is defined but never used.  @typescript-eslint/no-unused-vars
15:35  Error: 'Cell' is defined but never used.  @typescript-eslint/no-unused-vars
15:58  Error: 'RadialBarChart' is defined but never used.  @typescript-eslint/no-unused-vars
15:74  Error: 'RadialBar' is defined but never used.  @typescript-eslint/no-unused-vars
18:10  Error: 'Utensils' is defined but never used.  @typescript-eslint/no-unused-vars
19:15  Error: 'Calendar' is defined but never used.  @typescript-eslint/no-unused-vars
19:33  Error: 'Award' is defined but never used.  @typescript-eslint/no-unused-vars
19:40  Error: 'Star' is defined but never used.  @typescript-eslint/no-unused-vars
20:3  Error: 'AlertCircle' is defined but never used.  @typescript-eslint/no-unused-vars
20:55  Error: 'Gift' is defined but never used.  @typescript-eslint/no-unused-vars
21:35  Error: 'TrendingDown' is defined but never used.  @typescript-eslint/no-unused-vars
160:10  Error: 'currentTime' is assigned a value but never used.  @typescript-eslint/no-unused-vars
161:10  Error: 'isLoading' is assigned a value but never used.  @typescript-eslint/no-unused-vars
161:21  Error: 'setIsLoading' is assigned a value but never used.  @typescript-eslint/no-unused-vars
162:24  Error: 'setSelectedMeal' is assigned a value but never used.  @typescript-eslint/no-unused-vars

./src/components/dashboard/kitchen-dashboard.tsx
14:3  Error: 'LineChart' is defined but never used.  @typescript-eslint/no-unused-vars
14:14  Error: 'Line' is defined but never used.  @typescript-eslint/no-unused-vars
14:20  Error: 'PieChart' is defined but never used.  @typescript-eslint/no-unused-vars
14:30  Error: 'Pie' is defined but never used.  @typescript-eslint/no-unused-vars
14:35  Error: 'Cell' is defined but never used.  @typescript-eslint/no-unused-vars
18:10  Error: 'Users' is defined but never used.  @typescript-eslint/no-unused-vars

./src/components/dashboard/parent/ParentDashboard.tsx
4:10  Error: 'useSelector' is defined but never used.  @typescript-eslint/no-unused-vars
4:23  Error: 'useDispatch' is defined but never used.  @typescript-eslint/no-unused-vars
49:42  Warning: Unexpected any. Specify a different type.  @typescript-eslint/no-explicit-any
331:9  Warning: Unexpected console statement.  no-console
340:53  Warning: Unexpected any. Specify a different type.  @typescript-eslint/no-explicit-any
361:9  Warning: Unexpected console statement.  no-console
417:31  Warning: Unexpected console statement.  no-console
418:34  Warning: Unexpected console statement.  no-console
419:36  Warning: Unexpected console statement.  no-console
426:34  Warning: Unexpected console statement.  no-console
433:30  Warning: Unexpected console statement.  no-console
440:39  Warning: Unexpected console statement.  no-console
441:44  Warning: Unexpected console statement.  no-console
448:35  Warning: Unexpected console statement.  no-console
449:31  Warning: Unexpected console statement.  no-console
456:33  Warning: Unexpected console statement.  no-console
457:41  Warning: Unexpected console statement.  no-console
464:37  Warning: Unexpected console statement.  no-console

./src/components/dashboard/parent/components/ChildManagement.tsx
22:13  Warning: Unexpected any. Specify a different type.  @typescript-eslint/no-explicit-any
32:3  Error: 'children' is assigned a value but never used.  @typescript-eslint/no-unused-vars
34:3  Error: 'onEditChild' is defined but never used. Allowed unused args must match /^_/u.  @typescript-eslint/no-unused-vars
35:3  Error: 'onDeleteChild' is defined but never used. Allowed unused args must match /^_/u.  @typescript-eslint/no-unused-vars

./src/components/dashboard/parent/components/NotificationCenter.tsx
5:18  Warning: Unexpected any. Specify a different type.  @typescript-eslint/no-explicit-any
11:3  Error: 'notifications' is assigned a value but never used.  @typescript-eslint/no-unused-vars
12:3  Error: 'onMarkAsRead' is defined but never used. Allowed unused args must match /^_/u.  @typescript-eslint/no-unused-vars

./src/components/dashboard/parent/components/NutritionDashboard.tsx
5:18  Warning: Unexpected any. Specify a different type.  @typescript-eslint/no-explicit-any
10:3  Error: 'nutritionData' is assigned a value but never used.  @typescript-eslint/no-unused-vars

./src/components/dashboard/parent/components/OrderHistory.tsx
5:11  Warning: Unexpected any. Specify a different type.  @typescript-eslint/no-explicit-any
10:3  Error: 'orders' is assigned a value but never used.  @typescript-eslint/no-unused-vars
11:3  Error: 'onViewOrder' is defined but never used. Allowed unused args must match /^_/u.  @typescript-eslint/no-unused-vars

./src/components/dashboard/parent/components/OrderTracking.tsx
5:17  Warning: Unexpected any. Specify a different type.  @typescript-eslint/no-explicit-any
10:3  Error: 'currentOrder' is assigned a value but never used.  @typescript-eslint/no-unused-vars

./src/components/dashboard/parent/components/PaymentMethods.tsx
5:19  Warning: Unexpected any. Specify a different type.  @typescript-eslint/no-explicit-any
11:3  Error: 'paymentMethods' is assigned a value but never used.  @typescript-eslint/no-unused-vars
13:3  Error: 'onRemovePaymentMethod' is defined but never used. Allowed unused args must match /^_/u.  @typescript-eslint/no-unused-vars

./src/components/dashboard/parent/components/SubscriptionManagement.tsx
5:17  Warning: Unexpected any. Specify a different type.  @typescript-eslint/no-explicit-any
11:3  Error: 'subscription' is assigned a value but never used.  @typescript-eslint/no-unused-vars

./src/components/dashboard/parent-dashboard.tsx
10:3  Error: 'LineChart' is defined but never used.  @typescript-eslint/no-unused-vars
10:14  Error: 'Line' is defined but never used.  @typescript-eslint/no-unused-vars
10:20  Error: 'PieChart' is defined but never used.  @typescript-eslint/no-unused-vars
10:30  Error: 'Pie' is defined but never used.  @typescript-eslint/no-unused-vars
10:35  Error: 'Cell' is defined but never used.  @typescript-eslint/no-unused-vars
13:36  Error: 'Calendar' is defined but never used.  @typescript-eslint/no-unused-vars
182:10  Error: 'selectedChild' is assigned a value but never used.  @typescript-eslint/no-unused-vars
182:25  Error: 'setSelectedChild' is assigned a value but never used.  @typescript-eslint/no-unused-vars
183:31  Error: 'setUnreadNotifications' is assigned a value but never used.  @typescript-eslint/no-unused-vars
661:25  Error: 'child' is assigned a value but never used.  @typescript-eslint/no-unused-vars

./src/components/dashboard/student-dashboard.tsx
9:3  Error: 'BarChart' is defined but never used.  @typescript-eslint/no-unused-vars
9:13  Error: 'Bar' is defined but never used.  @typescript-eslint/no-unused-vars
10:3  Error: 'LineChart' is defined but never used.  @typescript-eslint/no-unused-vars
14:15  Error: 'Calendar' is defined but never used.  @typescript-eslint/no-unused-vars
434:47  Error: 'index' is defined but never used. Allowed unused args must match /^_/u.  @typescript-eslint/no-unused-vars

./src/components/dashboard/types.ts
3:3  Error: 'totalSpent:' is defined but never used.  no-unused-labels
4:3  Error: 'averagePerDay:' is defined but never used.  no-unused-labels
5:3  Error: 'trends:' is defined but never used.  no-unused-labels
5:11  Error: Empty block statement.  no-empty
7:3  Error: 'nutritionCompliance:' is defined but never used.  no-unused-labels
8:3  Error: 'wasteReduction:' is defined but never used.  no-unused-labels

./src/components/demo/PaymentIntelligenceDemo.tsx
12:3  Error: 'XCircle' is defined but never used.  @typescript-eslint/no-unused-vars
15:3  Error: 'PieChart' is defined but never used.  @typescript-eslint/no-unused-vars
16:3  Error: 'BarChart3' is defined but never used.  @typescript-eslint/no-unused-vars
20:3  Error: 'Lock' is defined but never used.  @typescript-eslint/no-unused-vars
22:10  Error: 'hasiviApi' is defined but never used.  @typescript-eslint/no-unused-vars
24:10  Error: 'Button' is defined but never used.  @typescript-eslint/no-unused-vars
32:3  Error: 'AreaChart' is defined but never used.  @typescript-eslint/no-unused-vars
33:3  Error: 'Area' is defined but never used.  @typescript-eslint/no-unused-vars
42:3  Error: 'RadialBarChart' is defined but never used.  @typescript-eslint/no-unused-vars
43:3  Error: 'RadialBar' is defined but never used.  @typescript-eslint/no-unused-vars
44:3  Error: 'PolarAngleAxis' is defined but never used.  @typescript-eslint/no-unused-vars
122:66  Warning: Unexpected any. Specify a different type.  @typescript-eslint/no-explicit-any
146:50  Warning: Unexpected any. Specify a different type.  @typescript-eslint/no-explicit-any

./src/components/demo/RFIDLiveDemo.tsx
4:18  Error: 'AnimatePresence' is defined but never used.  @typescript-eslint/no-unused-vars
9:3  Error: 'Loader2' is defined but never used.  @typescript-eslint/no-unused-vars
12:3  Error: 'User' is defined but never used.  @typescript-eslint/no-unused-vars
15:3  Error: 'Camera' is defined but never used.  @typescript-eslint/no-unused-vars
19:10  Error: 'hasiviApi' is defined but never used.  @typescript-eslint/no-unused-vars
93:10  Error: 'isManualMode' is assigned a value but never used.  @typescript-eslint/no-unused-vars
177:7  Warning: Unexpected console statement.  no-console
229:9  Error: 'getSignalColor' is assigned a value but never used.  @typescript-eslint/no-unused-vars
448:54  Error: 'index' is defined but never used. Allowed unused args must match /^_/u.  @typescript-eslint/no-unused-vars

./src/components/error/ErrorBoundary.tsx
37:5  Warning: Unexpected console statement.  no-console
42:7  Warning: Unexpected console statement.  no-console
124:20  Error: 'error' is defined but never used. Allowed unused args must match /^_/u.  @typescript-eslint/no-unused-vars
137:9  Warning: Unexpected console statement.  no-console

./src/components/error-boundary/ErrorBoundary.tsx
64:7  Warning: Unexpected console statement.  no-console
65:7  Warning: Unexpected console statement.  no-console
66:7  Warning: Unexpected console statement.  no-console
67:7  Warning: Unexpected console statement.  no-console
68:7  Warning: Unexpected console statement.  no-console

./src/components/error-boundary/ErrorBoundaryExamples.tsx
46:22  Error: 'errorInfo' is defined but never used. Allowed unused args must match /^_/u.  @typescript-eslint/no-unused-vars
47:7  Warning: Unexpected console statement.  no-console

./src/components/error-boundary/UnifiedErrorBoundary.tsx
21:79  Error: 'Zap' is defined but never used.  @typescript-eslint/no-unused-vars
104:7  Warning: Unexpected console statement.  no-console
105:7  Warning: Unexpected console statement.  no-console
106:7  Warning: Unexpected console statement.  no-console
107:7  Warning: Unexpected console statement.  no-console
108:7  Warning: Unexpected console statement.  no-console
115:7  Warning: Unexpected console statement.  no-console

./src/components/kitchen/InventoryManagement.tsx
4:10  Error: 'motion' is defined but never used.  @typescript-eslint/no-unused-vars
4:18  Error: 'AnimatePresence' is defined but never used.  @typescript-eslint/no-unused-vars
9:3  Error: 'TrendingDown' is defined but never used.  @typescript-eslint/no-unused-vars
11:3  Error: 'Truck' is defined but never used.  @typescript-eslint/no-unused-vars
12:3  Error: 'Calendar' is defined but never used.  @typescript-eslint/no-unused-vars
14:3  Error: 'BarChart3' is defined but never used.  @typescript-eslint/no-unused-vars
15:3  Error: 'Search' is defined but never used.  @typescript-eslint/no-unused-vars
19:3  Error: 'Trash2' is defined but never used.  @typescript-eslint/no-unused-vars
20:3  Error: 'RefreshCw' is defined but never used.  @typescript-eslint/no-unused-vars
27:3  Error: 'AlertCircle' is defined but never used.  @typescript-eslint/no-unused-vars
28:3  Error: 'Zap' is defined but never used.  @typescript-eslint/no-unused-vars
29:3  Error: 'Users' is defined but never used.  @typescript-eslint/no-unused-vars
30:3  Error: 'Target' is defined but never used.  @typescript-eslint/no-unused-vars
31:3  Error: 'Activity' is defined but never used.  @typescript-eslint/no-unused-vars
36:29  Error: 'CardDescription' is defined but never used.  @typescript-eslint/no-unused-vars
469:41  Error: 'itemsLoading' is assigned a value but never used.  @typescript-eslint/no-unused-vars
470:41  Error: 'suppliersLoading' is assigned a value but never used.  @typescript-eslint/no-unused-vars
471:46  Error: 'poLoading' is assigned a value but never used.  @typescript-eslint/no-unused-vars
472:39  Error: 'metricsLoading' is assigned a value but never used.  @typescript-eslint/no-unused-vars
475:20  Warning: Unexpected any. Specify a different type.  @typescript-eslint/no-explicit-any
476:20  Warning: Unexpected any. Specify a different type.  @typescript-eslint/no-explicit-any
477:25  Warning: Unexpected any. Specify a different type.  @typescript-eslint/no-explicit-any
480:44  Warning: Unexpected any. Specify a different type.  @typescript-eslint/no-explicit-any
481:42  Warning: Unexpected any. Specify a different type.  @typescript-eslint/no-explicit-any
483:44  Warning: Unexpected any. Specify a different type.  @typescript-eslint/no-explicit-any
487:8  Warning: Unexpected any. Specify a different type.  @typescript-eslint/no-explicit-any
491:36  Warning: Unexpected any. Specify a different type.  @typescript-eslint/no-explicit-any
666:45  Warning: Unexpected any. Specify a different type.  @typescript-eslint/no-explicit-any
668:52  Warning: Unexpected any. Specify a different type.  @typescript-eslint/no-explicit-any
680:51  Warning: Unexpected any. Specify a different type.  @typescript-eslint/no-explicit-any
681:67  Warning: Unexpected any. Specify a different type.  @typescript-eslint/no-explicit-any
692:49  Warning: Unexpected any. Specify a different type.  @typescript-eslint/no-explicit-any
693:71  Warning: Unexpected any. Specify a different type.  @typescript-eslint/no-explicit-any

./src/components/kitchen/KitchenManagementDashboard.tsx
15:3  Error: 'Bell' is defined but never used.  @typescript-eslint/no-unused-vars
17:3  Error: 'BarChart3' is defined but never used.  @typescript-eslint/no-unused-vars
18:3  Error: 'Calendar' is defined but never used.  @typescript-eslint/no-unused-vars
22:3  Error: 'Activity' is defined but never used.  @typescript-eslint/no-unused-vars
23:3  Error: 'Zap' is defined but never used.  @typescript-eslint/no-unused-vars
578:24  Error: 'setOrderFilters' is assigned a value but never used.  @typescript-eslint/no-unused-vars
579:24  Error: 'setStaffFilters' is assigned a value but never used.  @typescript-eslint/no-unused-vars
580:28  Error: 'setInventoryFilters' is assigned a value but never used.  @typescript-eslint/no-unused-vars
585:33  Error: 'staffLoading' is assigned a value but never used.  @typescript-eslint/no-unused-vars
586:37  Error: 'inventoryLoading' is assigned a value but never used.  @typescript-eslint/no-unused-vars
587:17  Error: 'lowStockAlerts' is assigned a value but never used.  @typescript-eslint/no-unused-vars
587:42  Error: 'alertsLoading' is assigned a value but never used.  @typescript-eslint/no-unused-vars
592:68  Warning: Unexpected any. Specify a different type.  @typescript-eslint/no-explicit-any
597:69  Warning: Unexpected any. Specify a different type.  @typescript-eslint/no-explicit-any
602:9  Error: 'handleOrderStatusUpdate' is assigned a value but never used.  @typescript-eslint/no-unused-vars
613:9  Error: 'handleOrderAssignment' is assigned a value but never used.  @typescript-eslint/no-unused-vars

./src/components/kitchen/OrderWorkflowBoard.tsx
11:3  Error: 'User' is defined but never used.  @typescript-eslint/no-unused-vars
14:3  Error: 'MoreHorizontal' is defined but never used.  @typescript-eslint/no-unused-vars
15:3  Error: 'Plus' is defined but never used.  @typescript-eslint/no-unused-vars
17:3  Error: 'Bell' is defined but never used.  @typescript-eslint/no-unused-vars
19:3  Error: 'Utensils' is defined but never used.  @typescript-eslint/no-unused-vars
21:3  Error: 'Flag' is defined but never used.  @typescript-eslint/no-unused-vars
168:9  Error: 'completedItems' is assigned a value but never used.  @typescript-eslint/no-unused-vars
169:9  Error: 'totalItems' is assigned a value but never used.  @typescript-eslint/no-unused-vars
424:39  Error: 'mutating' is assigned a value but never used.  @typescript-eslint/no-unused-vars
442:7  Warning: Unexpected console statement.  no-console
447:7  Warning: Unexpected console statement.  no-console
452:7  Warning: Unexpected console statement.  no-console
465:17  Warning: Unexpected any. Specify a different type.  @typescript-eslint/no-explicit-any
466:25  Warning: Unexpected any. Specify a different type.  @typescript-eslint/no-explicit-any
472:39  Warning: Unexpected any. Specify a different type.  @typescript-eslint/no-explicit-any

./src/components/landing/HASIVULandingPage.tsx
9:3  Error: 'CheckCircle' is defined but never used.  @typescript-eslint/no-unused-vars
15:3  Error: 'Lock' is defined but never used.  @typescript-eslint/no-unused-vars
23:10  Error: 'AnimatedList' is defined but never used.  @typescript-eslint/no-unused-vars
25:10  Error: 'TextGenerateEffect' is defined but never used.  @typescript-eslint/no-unused-vars
28:29  Error: 'CardDescription' is defined but never used.  @typescript-eslint/no-unused-vars
28:46  Error: 'CardHeader' is defined but never used.  @typescript-eslint/no-unused-vars
28:58  Error: 'CardTitle' is defined but never used.  @typescript-eslint/no-unused-vars

./src/components/landing/HASIVULandingPageProd.tsx
8:3  Error: 'Zap' is defined but never used.  @typescript-eslint/no-unused-vars
11:3  Error: 'ArrowRight' is defined but never used.  @typescript-eslint/no-unused-vars
14:3  Error: 'TrendingUp' is defined but never used.  @typescript-eslint/no-unused-vars
15:3  Error: 'Lock' is defined but never used.  @typescript-eslint/no-unused-vars
17:3  Error: 'Smartphone' is defined but never used.  @typescript-eslint/no-unused-vars
22:21  Error: 'ApiResponse' is defined but never used.  @typescript-eslint/no-unused-vars
26:29  Error: 'CardDescription' is defined but never used.  @typescript-eslint/no-unused-vars
26:46  Error: 'CardHeader' is defined but never used.  @typescript-eslint/no-unused-vars
26:58  Error: 'CardTitle' is defined but never used.  @typescript-eslint/no-unused-vars
27:10  Error: 'Badge' is defined but never used.  @typescript-eslint/no-unused-vars
28:10  Error: 'Accordion' is defined but never used.  @typescript-eslint/no-unused-vars
28:21  Error: 'AccordionContent' is defined but never used.  @typescript-eslint/no-unused-vars
28:39  Error: 'AccordionItem' is defined but never used.  @typescript-eslint/no-unused-vars
28:54  Error: 'AccordionTrigger' is defined but never used.  @typescript-eslint/no-unused-vars
169:7  Warning: Unexpected console statement.  no-console
210:7  Warning: Unexpected console statement.  no-console

./src/components/landing/HybridLandingPage.tsx
24:55  Warning: Unexpected any. Specify a different type.  @typescript-eslint/no-explicit-any

./src/components/landing/LandingPageFeatures.tsx
6:66  Warning: Unexpected any. Specify a different type.  @typescript-eslint/no-explicit-any

./src/components/landing/LandingPageHero.tsx
3:17  Error: 'useState' is defined but never used.  @typescript-eslint/no-unused-vars
4:8  Error: 'Link' is defined but never used.  @typescript-eslint/no-unused-vars

./src/components/landing/ProductionLandingPage.tsx
5:18  Error: 'AnimatePresence' is defined but never used.  @typescript-eslint/no-unused-vars
16:3  Error: 'Smartphone' is defined but never used.  @typescript-eslint/no-unused-vars
21:3  Error: 'Globe' is defined but never used.  @typescript-eslint/no-unused-vars
22:3  Error: 'Target' is defined but never used.  @typescript-eslint/no-unused-vars
23:3  Error: 'Clock' is defined but never used.  @typescript-eslint/no-unused-vars
24:3  Error: 'Bell' is defined but never used.  @typescript-eslint/no-unused-vars
25:3  Error: 'Heart' is defined but never used.  @typescript-eslint/no-unused-vars
26:3  Error: 'Utensils' is defined but never used.  @typescript-eslint/no-unused-vars
27:3  Error: 'MapPin' is defined but never used.  @typescript-eslint/no-unused-vars
28:3  Error: 'Phone' is defined but never used.  @typescript-eslint/no-unused-vars
29:3  Error: 'Mail' is defined but never used.  @typescript-eslint/no-unused-vars
33:29  Error: 'CardDescription' is defined but never used.  @typescript-eslint/no-unused-vars
33:46  Error: 'CardHeader' is defined but never used.  @typescript-eslint/no-unused-vars
33:58  Error: 'CardTitle' is defined but never used.  @typescript-eslint/no-unused-vars
35:10  Error: 'BentoGrid' is defined but never used.  @typescript-eslint/no-unused-vars
35:21  Error: 'BentoGridItem' is defined but never used.  @typescript-eslint/no-unused-vars
36:10  Error: 'Marquee' is defined but never used.  @typescript-eslint/no-unused-vars
38:10  Error: 'BackgroundBeams' is defined but never used.  @typescript-eslint/no-unused-vars
64:29  Warning: Unexpected any. Specify a different type.  @typescript-eslint/no-explicit-any
104:7  Error: 'bangaloreSchools' is assigned a value but never used.  @typescript-eslint/no-unused-vars
180:7  Error: 'platformFeatures' is assigned a value but never used.  @typescript-eslint/no-unused-vars
217:10  Error: 'isMenuOpen' is assigned a value but never used.  @typescript-eslint/no-unused-vars
217:22  Error: 'setIsMenuOpen' is assigned a value but never used.  @typescript-eslint/no-unused-vars

./src/components/landing/SprrrintInspiredLandingPage.tsx
20:55  Warning: Unexpected any. Specify a different type.  @typescript-eslint/no-explicit-any

./src/components/landing/StartwellInspiredLandingPage.tsx
34:66  Warning: Unexpected any. Specify a different type.  @typescript-eslint/no-explicit-any

./src/components/layout/header/main-header.tsx
37:3  Error: 'onMenuClick' is defined but never used. Allowed unused args must match /^_/u.  @typescript-eslint/no-unused-vars

./src/components/layout/header/mobile-menu.tsx
25:10  Error: 'Separator' is defined but never used.  @typescript-eslint/no-unused-vars

./src/components/layout/header/navigation-menu.tsx
17:3  Error: 'Shield' is defined but never used.  @typescript-eslint/no-unused-vars
19:3  Error: 'Bell' is defined but never used.  @typescript-eslint/no-unused-vars

./src/components/layout/navigation/breadcrumb-nav.tsx
39:11  Error: 'label' is assigned a value but never used.  @typescript-eslint/no-unused-vars
55:49  Error: 'fullPath' is defined but never used. Allowed unused args must match /^_/u.  @typescript-eslint/no-unused-vars
158:27  Error: 'items' is defined but never used. Allowed unused args must match /^_/u.  @typescript-eslint/no-unused-vars

./src/components/layout/sidebar/sidebar-nav.tsx
19:3  Error: 'AlertTriangle' is defined but never used.  @typescript-eslint/no-unused-vars

./src/components/magicui/animated-list.tsx
3:31  Error: 'useMemo' is defined but never used.  @typescript-eslint/no-unused-vars

./src/components/magicui/text-generate-effect.tsx
19:7  Error: 'wordsArray' is never reassigned. Use 'const' instead.  prefer-const

./src/components/meal-ordering/CategoryTabs.tsx
13:34  Error: 'MenuCategory' is defined but never used.  @typescript-eslint/no-unused-vars

./src/components/meal-ordering/EnhancedMealList.tsx
14:29  Error: 'CardDescription' is defined but never used.  @typescript-eslint/no-unused-vars
14:46  Error: 'CardHeader' is defined but never used.  @typescript-eslint/no-unused-vars
14:58  Error: 'CardTitle' is defined but never used.  @typescript-eslint/no-unused-vars
27:3  Error: 'Info' is defined but never used.  @typescript-eslint/no-unused-vars
78:3  Error: 'student' is defined but never used. Allowed unused args must match /^_/u.  @typescript-eslint/no-unused-vars
80:3  Error: 'onViewDetails' is defined but never used. Allowed unused args must match /^_/u.  @typescript-eslint/no-unused-vars

./src/components/meal-ordering/EnhancedMealOrderingDemo.tsx
27:3  Error: 'OrderSummary' is defined but never used.  @typescript-eslint/no-unused-vars
240:28  Error: 'removed' is assigned a value but never used.  @typescript-eslint/no-unused-vars
266:40  Error: 'error' is defined but never used. Allowed unused args must match /^_/u.  @typescript-eslint/no-unused-vars
285:22  Error: 'quantity' is defined but never used. Allowed unused args must match /^_/u.  @typescript-eslint/no-unused-vars

./src/components/meal-ordering/MealCard.tsx
7:48  Error: 'useEffect' is defined but never used.  @typescript-eslint/no-unused-vars
27:10  Error: 'Separator' is defined but never used.  @typescript-eslint/no-unused-vars
37:30  Error: 'MealItem' is defined but never used.  @typescript-eslint/no-unused-vars
37:40  Error: 'StudentInfo' is defined but never used.  @typescript-eslint/no-unused-vars

./src/components/meal-ordering/MealOrderingDrawer.tsx
50:3  Error: 'onUpdateQuantity' is defined but never used. Allowed unused args must match /^_/u.  @typescript-eslint/no-unused-vars
51:3  Error: 'onRemoveFromCart' is defined but never used. Allowed unused args must match /^_/u.  @typescript-eslint/no-unused-vars

./src/components/meal-ordering/MealOrderingInterface.tsx
7:18  Error: 'Filter' is defined but never used.  @typescript-eslint/no-unused-vars
7:26  Error: 'SortAsc' is defined but never used.  @typescript-eslint/no-unused-vars
9:10  Error: 'Button' is defined but never used.  @typescript-eslint/no-unused-vars
13:10  Error: 'Alert' is defined but never used.  @typescript-eslint/no-unused-vars
13:17  Error: 'AlertDescription' is defined but never used.  @typescript-eslint/no-unused-vars
23:3  Error: 'DropdownMenu' is defined but never used.  @typescript-eslint/no-unused-vars
24:3  Error: 'DropdownMenuContent' is defined but never used.  @typescript-eslint/no-unused-vars
25:3  Error: 'DropdownMenuItem' is defined but never used.  @typescript-eslint/no-unused-vars
26:3  Error: 'DropdownMenuLabel' is defined but never used.  @typescript-eslint/no-unused-vars
27:3  Error: 'DropdownMenuSeparator' is defined but never used.  @typescript-eslint/no-unused-vars
28:3  Error: 'DropdownMenuTrigger' is defined but never used.  @typescript-eslint/no-unused-vars
46:3  Error: 'MealOrderingContext' is defined but never used.  @typescript-eslint/no-unused-vars
52:3  Error: 'canOrderMeal' is defined but never used.  @typescript-eslint/no-unused-vars
55:3  Error: 'getAvailableDeliverySlots' is defined but never used.  @typescript-eslint/no-unused-vars
56:3  Error: 'getMealCategoryInfo' is defined but never used.  @typescript-eslint/no-unused-vars
65:30  Warning: Unexpected any. Specify a different type.  @typescript-eslint/no-explicit-any
71:3  Error: 'schoolConfig' is defined but never used. Allowed unused args must match /^_/u.  @typescript-eslint/no-unused-vars
88:10  Error: 'deliverySlots' is assigned a value but never used.  @typescript-eslint/no-unused-vars
89:25  Error: 'setPendingOrders' is assigned a value but never used.  @typescript-eslint/no-unused-vars
89:54  Warning: Unexpected any. Specify a different type.  @typescript-eslint/no-explicit-any
400:7  Warning: Unexpected console statement.  no-console
409:5  Warning: Unexpected console statement.  no-console

./src/components/meal-ordering/MealSearchCommand.tsx
22:3  Error: 'categories' is defined but never used. Allowed unused args must match /^_/u.  @typescript-eslint/no-unused-vars
24:3  Error: 'open' is defined but never used. Allowed unused args must match /^_/u.  @typescript-eslint/no-unused-vars

./src/components/meal-ordering/NotificationSystem.tsx
16:3  Error: 'ShoppingCart' is defined but never used.  @typescript-eslint/no-unused-vars
22:3  Error: 'TrendingUp' is defined but never used.  @typescript-eslint/no-unused-vars
25:3  Error: 'Zap' is defined but never used.  @typescript-eslint/no-unused-vars
30:3  Error: 'OrderHistoryItem' is defined but never used.  @typescript-eslint/no-unused-vars
33:3  Error: 'RFIDPickupInfo' is defined but never used.  @typescript-eslint/no-unused-vars
157:24  Warning: Unexpected console statement.  no-console
172:67  Warning: Unexpected any. Specify a different type.  @typescript-eslint/no-explicit-any
207:7  Warning: Unexpected console statement.  no-console
220:14  Warning: Unexpected any. Specify a different type.  @typescript-eslint/no-explicit-any
233:25  Warning: Unexpected any. Specify a different type.  @typescript-eslint/no-explicit-any
266:24  Warning: Unexpected console statement.  no-console
295:24  Warning: Unexpected console statement.  no-console
312:26  Warning: Unexpected console statement.  no-console
324:24  Warning: Unexpected console statement.  no-console
335:24  Warning: Unexpected console statement.  no-console
346:24  Warning: Unexpected console statement.  no-console
363:26  Warning: Unexpected console statement.  no-console
379:3  Error: 'onOrderStatusUpdate' is defined but never used. Allowed unused args must match /^_/u.  @typescript-eslint/no-unused-vars
380:3  Error: 'onNotificationClick' is defined but never used. Allowed unused args must match /^_/u.  @typescript-eslint/no-unused-vars
392:11  Error: 'mockStatusUpdates' is assigned a value but never used.  @typescript-eslint/no-unused-vars
439:18  Warning: Unexpected any. Specify a different type.  @typescript-eslint/no-explicit-any

./src/components/meal-ordering/NutritionalTooltips.tsx
14:3  Error: 'Info' is defined but never used.  @typescript-eslint/no-unused-vars

./src/components/meal-ordering/OrderSummary.tsx
24:3  Error: 'Zap' is defined but never used.  @typescript-eslint/no-unused-vars
31:10  Error: 'Label' is defined but never used.  @typescript-eslint/no-unused-vars
128:7  Warning: Unexpected console statement.  no-console
136:7  Warning: Unexpected console statement.  no-console

./src/components/meal-ordering/RFIDInterface.tsx
15:35  Error: 'RFIDPickupInfo' is defined but never used.  @typescript-eslint/no-unused-vars
16:26  Error: 'formatTime' is defined but never used.  @typescript-eslint/no-unused-vars
28:13  Warning: Unexpected any. Specify a different type.  @typescript-eslint/no-explicit-any

./src/components/meal-ordering/RFIDVerification.tsx
19:3  Error: 'XCircle' is defined but never used.  @typescript-eslint/no-unused-vars

./src/components/meal-ordering/__tests__/enhanced-meal-ordering-integration.test.tsx
7:46  Error: 'within' is defined but never used.  @typescript-eslint/no-unused-vars
13:3  Error: 'Command' is defined but never used.  @typescript-eslint/no-unused-vars
135:27  Warning: Unexpected any. Specify a different type.  @typescript-eslint/no-explicit-any
139:60  Warning: Unexpected any. Specify a different type.  @typescript-eslint/no-explicit-any
141:33  Warning: Unexpected any. Specify a different type.  @typescript-eslint/no-explicit-any
190:26  Warning: Unexpected any. Specify a different type.  @typescript-eslint/no-explicit-any
191:26  Warning: Unexpected any. Specify a different type.  @typescript-eslint/no-explicit-any
191:46  Warning: Unexpected any. Specify a different type.  @typescript-eslint/no-explicit-any
465:12  Error: 'selectedMeal' is assigned a value but never used.  @typescript-eslint/no-unused-vars
465:60  Warning: Unexpected any. Specify a different type.  @typescript-eslint/no-explicit-any
466:44  Warning: Unexpected any. Specify a different type.  @typescript-eslint/no-explicit-any
467:12  Error: 'isRfidVerified' is assigned a value but never used.  @typescript-eslint/no-unused-vars
469:37  Warning: Unexpected any. Specify a different type.  @typescript-eslint/no-explicit-any
473:36  Warning: Unexpected any. Specify a different type.  @typescript-eslint/no-explicit-any
477:32  Error: 'action' is defined but never used. Allowed unused args must match /^_/u.  @typescript-eslint/no-unused-vars
481:56  Error: 'rfidCode' is defined but never used. Allowed unused args must match /^_/u.  @typescript-eslint/no-unused-vars
492:11  Error: 'completeOrder' is assigned a value but never used.  @typescript-eslint/no-unused-vars
671:13  Error: 'quantity