
> hasivu-web@1.0.0 build
> npm run generate-docs && next build


> hasivu-web@1.0.0 generate-docs
> node -e "const fs = require('fs'); const specs = require('./swagger.js'); fs.writeFileSync('public/openapi.json', JSON.stringify(specs, null, 2)); fs.writeFileSync('openapi.yaml', require('yaml').stringify(specs));"

- info Loaded env from /Users/mahesha/Downloads/hasivu-platform/web/.env.local
- info Loaded env from /Users/mahesha/Downloads/hasivu-platform/web/.env.production
- info Creating an optimized production build...
- warn Compiled with warnings

./node_modules/swagger-jsdoc/src/utils.js
Critical dependency: the request of a dependency is an expression

Import trace for requested module:
./node_modules/swagger-jsdoc/src/utils.js
./node_modules/swagger-jsdoc/src/specification.js
./node_modules/swagger-jsdoc/src/lib.js
./node_modules/swagger-jsdoc/index.js
./swagger.js
./src/app/api/docs/route.ts

- info Linting and checking validity of types...
- warn The Next.js plugin was not detected in your ESLint configuration. See https://nextjs.org/docs/basic-features/eslint#migrating-existing-config
Failed to compile.

./src/components/dashboard/enhanced-parent-dashboard.tsx:195:3
Type error: Property '_parentData' does not exist on type 'EnhancedParentDashboardProps'.

[0m [90m 193 | [39m[0m
[0m [90m 194 | [39m[36mexport[39m [36mconst[39m [33mEnhancedParentDashboard[39m[33m:[39m [33mReact[39m[33m.[39m[33mFC[39m[33m<[39m[33mEnhancedParentDashboardProps[39m[33m>[39m [33m=[39m ({[0m
[0m[31m[1m>[22m[39m[90m 195 | [39m  _parentData[33m,[39m[0m
[0m [90m     | [39m  [31m[1m^[22m[39m[0m
[0m [90m 196 | [39m  className[33m,[39m[0m
[0m [90m 197 | [39m}) [33m=>[39m {[0m
[0m [90m 198 | [39m  [36mconst[39m [selectedChild[33m,[39m setSelectedChild] [33m=[39m useState(mockChildrenData[[35m0[39m])[33m;[39m[0m
