
> hasivu-web@1.0.0 build
> npm run generate-docs && next build


> hasivu-web@1.0.0 generate-docs
> node -e "const fs = require('fs'); const specs = require('./swagger.js'); fs.writeFileSync('public/openapi.json', JSON.stringify(specs, null, 2)); fs.writeFileSync('openapi.yaml', require('yaml').stringify(specs));"

- info Loaded env from /Users/mahesha/Downloads/hasivu-platform/web/.env.local
- info Loaded env from /Users/mahesha/Downloads/hasivu-platform/web/.env.production
- info Creating an optimized production build...
- warn Compiled with warnings

./node_modules/swagger-jsdoc/src/utils.js
Critical dependency: the request of a dependency is an expression

Import trace for requested module:
./node_modules/swagger-jsdoc/src/utils.js
./node_modules/swagger-jsdoc/src/specification.js
./node_modules/swagger-jsdoc/src/lib.js
./node_modules/swagger-jsdoc/index.js
./swagger.js
./src/app/api/docs/route.ts

- info Linting and checking validity of types...
- warn The Next.js plugin was not detected in your ESLint configuration. See https://nextjs.org/docs/basic-features/eslint#migrating-existing-config
Failed to compile.

./src/components/currency/CurrencySettings.tsx:37:10
Type error: Module '"@/hooks/use-currency"' has no exported member 'useCurrency'.

[0m [90m 35 | [39m  [33mSettings[39m[33m,[39m[0m
[0m [90m 36 | [39m} [36mfrom[39m [32m'lucide-react'[39m[33m;[39m[0m
[0m[31m[1m>[22m[39m[90m 37 | [39m[36mimport[39m { useCurrency[33m,[39m useCurrencyFormatter } [36mfrom[39m [32m'@/hooks/use-currency'[39m[33m;[39m[0m
[0m [90m    | [39m         [31m[1m^[22m[39m[0m
[0m [90m 38 | [39m[36mimport[39m {[0m
[0m [90m 39 | [39m  [33mCURRENCY_CONFIGS[39m [36mas[39m _CURRENCY_CONFIGS[33m,[39m[0m
[0m [90m 40 | [39m  type [33mSupportedCurrency[39m[33m,[39m[0m
