
> hasivu-web@1.0.0 build
> npm run generate-docs && next build


> hasivu-web@1.0.0 generate-docs
> node -e "const fs = require('fs'); const specs = require('./swagger.js'); fs.writeFileSync('public/openapi.json', JSON.stringify(specs, null, 2)); fs.writeFileSync('openapi.yaml', require('yaml').stringify(specs));"

- info Loaded env from /Users/mahesha/Downloads/hasivu-platform/web/.env.local
- info Loaded env from /Users/mahesha/Downloads/hasivu-platform/web/.env.production
- info Creating an optimized production build...
- warn Compiled with warnings

./node_modules/swagger-jsdoc/src/utils.js
Critical dependency: the request of a dependency is an expression

Import trace for requested module:
./node_modules/swagger-jsdoc/src/utils.js
./node_modules/swagger-jsdoc/src/specification.js
./node_modules/swagger-jsdoc/src/lib.js
./node_modules/swagger-jsdoc/index.js
./swagger.js
./src/app/api/docs/route.ts

- info Linting and checking validity of types...
- warn The Next.js plugin was not detected in your ESLint configuration. See https://nextjs.org/docs/basic-features/eslint#migrating-existing-config
Failed to compile.

./src/components/dashboard/kitchen-dashboard.tsx:38:3
Type error: '"lucide-react"' has no exported member named '_Users'. Did you mean 'Users'?

[0m [90m 36 | [39m  [33mCheckCircle2[39m[33m,[39m[0m
[0m [90m 37 | [39m  [33mFlame[39m[33m,[39m[0m
[0m[31m[1m>[22m[39m[90m 38 | [39m  _Users[33m,[39m[0m
[0m [90m    | [39m  [31m[1m^[22m[39m[0m
[0m [90m 39 | [39m  [33mTrendingUp[39m[33m,[39m[0m
[0m [90m 40 | [39m  [33mArrowUp[39m[33m,[39m[0m
[0m [90m 41 | [39m  [33mArrowDown[39m[33m,[39m[0m
