
> hasivu-web@1.0.0 build
> npm run generate-docs && next build


> hasivu-web@1.0.0 generate-docs
> node -e "const fs = require('fs'); const specs = require('./swagger.js'); fs.writeFileSync('public/openapi.json', JSON.stringify(specs, null, 2)); fs.writeFileSync('openapi.yaml', require('yaml').stringify(specs));"

- info Loaded env from /Users/mahesha/Downloads/hasivu-platform/web/.env.local
- info Loaded env from /Users/mahesha/Downloads/hasivu-platform/web/.env.production
- info Creating an optimized production build...
- warn Compiled with warnings

./node_modules/swagger-jsdoc/src/utils.js
Critical dependency: the request of a dependency is an expression

Import trace for requested module:
./node_modules/swagger-jsdoc/src/utils.js
./node_modules/swagger-jsdoc/src/specification.js
./node_modules/swagger-jsdoc/src/lib.js
./node_modules/swagger-jsdoc/index.js
./swagger.js
./src/app/api/docs/route.ts

- info Linting and checking validity of types...
- warn The Next.js plugin was not detected in your ESLint configuration. See https://nextjs.org/docs/basic-features/eslint#migrating-existing-config
Failed to compile.

./src/components/cart/ShoppingCartSidebar.tsx:383:26
Type error: Property 'image' does not exist on type 'MenuItem'.

[0m [90m 381 | [39m        {[90m/* Item Image */[39m}[0m
[0m [90m 382 | [39m        [33m<[39m[33mdiv[39m className[33m=[39m[32m"relative h-20 w-20 flex-shrink-0 rounded-md overflow-hidden bg-gray-100"[39m[33m>[39m[0m
[0m[31m[1m>[22m[39m[90m 383 | [39m          {item[33m.[39mmenuItem[33m.[39mimage [33m?[39m ([0m
[0m [90m     | [39m                         [31m[1m^[22m[39m[0m
[0m [90m 384 | [39m            [33m<[39m[33mImage[39m[0m
[0m [90m 385 | [39m              src[33m=[39m{item[33m.[39mmenuItem[33m.[39mimage}[0m
[0m [90m 386 | [39m              alt[33m=[39m{item[33m.[39mmenuItem[33m.[39mname}[0m
